=> Booting Puma
=> Rails 8.1.1 application starting in production 
=> Run `bin/rails server --help` for more startup options
/home/vmuser114/apps/APEX_api/app/models/role.rb:20: warning: already initialized constant Role::ADMIN
/home/vmuser114/apps/APEX_api/app/models/role.rb:4: warning: previous definition of ADMIN was here
[3157] Puma starting in cluster mode...
[3157] * Puma version: 7.1.0 ("Neon Witch")
[3157] * Ruby version: ruby 3.4.4 (2025-05-14 revision a38531fd3f) +PRISM [x86_64-linux]
[3157] *  Min threads: 5
[3157] *  Max threads: 5
[3157] *  Environment: production
[3157] *   Master PID: 3157
[3157] *      Workers: 2
[3157] *     Restarts: (✔) hot (✖) phased (✖) refork
[3157] * Preloading application
[3157] * Listening on http://0.0.0.0:3000
[3157] Use Ctrl-C to stop
[3157] - Worker 0 (PID: 3178) booted in 0.01s, phase: 0
[3157] - Worker 1 (PID: 3182) booted in 0.0s, phase: 0
/home/vmuser114/.rbenv/versions/3.4.4/lib/ruby/gems/3.4.0/gems/activerecord-8.1.1/lib/active_record/connection_adapters/postgresql/database_statements.rb:167:in 'PG::Connection#exec': PG::UndefinedTable: ERROR:  relation "solid_queue_recurring_tasks" does not exist (ActiveRecord::StatementInvalid)
LINE 10:  WHERE a.attrelid = '"solid_queue_recurring_tasks"'::regclas...
                             ^

	from /home/vmuser114/.rbenv/versions/3.4.4/lib/ruby/gems/3.4.0/gems/activerecord-8.1.1/lib/active_record/connection_adapters/postgresql/database_statements.rb:167:in 'ActiveRecord::ConnectionAdapters::PostgreSQL::DatabaseStatements#perform_query'
	from /home/vmuser114/.rbenv/versions/3.4.4/lib/ruby/gems/3.4.0/gems/activerecord-8.1.1/lib/active_record/connection_adapters/abstract/database_statements.rb:571:in 'block (2 levels) in ActiveRecord::ConnectionAdapters::DatabaseStatements#raw_execute'
	from /home/vmuser114/.rbenv/versions/3.4.4/lib/ruby/gems/3.4.0/gems/activerecord-8.1.1/lib/active_record/connection_adapters/abstract_adapter.rb:1081:in 'block in ActiveRecord::ConnectionAdapters::AbstractAdapter#with_raw_connection'
	from /home/vmuser114/.rbenv/versions/3.4.4/lib/ruby/gems/3.4.0/gems/activesupport-8.1.1/lib/active_support/concurrency/null_lock.rb:9:in 'ActiveSupport::Concurrency::NullLock#synchronize'
	from /home/vmuser114/.rbenv/versions/3.4.4/lib/ruby/gems/3.4.0/gems/activerecord-8.1.1/lib/active_record/connection_adapters/abstract_adapter.rb:1050:in 'ActiveRecord::ConnectionAdapters::AbstractAdapter#with_raw_connection'
	from /home/vmuser114/.rbenv/versions/3.4.4/lib/ruby/gems/3.4.0/gems/activerecord-8.1.1/lib/active_record/connection_adapters/abstract/database_statements.rb:570:in 'block in ActiveRecord::ConnectionAdapters::DatabaseStatements#raw_execute'
	from /home/vmuser114/.rbenv/versions/3.4.4/lib/ruby/gems/3.4.0/gems/activesupport-8.1.1/lib/active_support/notifications/instrumenter.rb:58:in 'ActiveSupport::Notifications::Instrumenter#instrument'
	from /home/vmuser114/.rbenv/versions/3.4.4/lib/ruby/gems/3.4.0/gems/activerecord-8.1.1/lib/active_record/connection_adapters/abstract_adapter.rb:1201:in 'ActiveRecord::ConnectionAdapters::AbstractAdapter#log'
	from /home/vmuser114/.rbenv/versions/3.4.4/lib/ruby/gems/3.4.0/gems/activerecord-8.1.1/lib/active_record/connection_adapters/abstract/database_statements.rb:569:in 'ActiveRecord::ConnectionAdapters::DatabaseStatements#raw_execute'
	from /home/vmuser114/.rbenv/versions/3.4.4/lib/ruby/gems/3.4.0/gems/activerecord-8.1.1/lib/active_record/connection_adapters/abstract/database_statements.rb:613:in 'ActiveRecord::ConnectionAdapters::DatabaseStatements#internal_execute'
	from /home/vmuser114/.rbenv/versions/3.4.4/lib/ruby/gems/3.4.0/gems/activerecord-8.1.1/lib/active_record/connection_adapters/postgresql/database_statements.rb:15:in 'ActiveRecord::ConnectionAdapters::PostgreSQL::DatabaseStatements#query'
	from /home/vmuser114/.rbenv/versions/3.4.4/lib/ruby/gems/3.4.0/gems/activerecord-8.1.1/lib/active_record/connection_adapters/postgresql_adapter.rb:1051:in 'ActiveRecord::ConnectionAdapters::PostgreSQLAdapter#column_definitions'
	from /home/vmuser114/.rbenv/versions/3.4.4/lib/ruby/gems/3.4.0/gems/activerecord-8.1.1/lib/active_record/connection_adapters/abstract/schema_statements.rb:110:in 'ActiveRecord::ConnectionAdapters::SchemaStatements#columns'
	from /home/vmuser114/.rbenv/versions/3.4.4/lib/ruby/gems/3.4.0/gems/activerecord-8.1.1/lib/active_record/connection_adapters/schema_cache.rb:345:in 'block (2 levels) in ActiveRecord::ConnectionAdapters::SchemaCache#columns'
	from /home/vmuser114/.rbenv/versions/3.4.4/lib/ruby/gems/3.4.0/gems/activerecord-8.1.1/lib/active_record/connection_adapters/abstract/connection_pool.rb:457:in 'ActiveRecord::ConnectionAdapters::ConnectionPool#with_connection'
	from /home/vmuser114/.rbenv/versions/3.4.4/lib/ruby/gems/3.4.0/gems/activerecord-8.1.1/lib/active_record/connection_adapters/schema_cache.rb:344:in 'block in ActiveRecord::ConnectionAdapters::SchemaCache#columns'
	from /home/vmuser114/.rbenv/versions/3.4.4/lib/ruby/gems/3.4.0/gems/activerecord-8.1.1/lib/active_record/connection_adapters/schema_cache.rb:343:in 'Hash#fetch'
	from /home/vmuser114/.rbenv/versions/3.4.4/lib/ruby/gems/3.4.0/gems/activerecord-8.1.1/lib/active_record/connection_adapters/schema_cache.rb:343:in 'ActiveRecord::ConnectionAdapters::SchemaCache#columns'
	from /home/vmuser114/.rbenv/versions/3.4.4/lib/ruby/gems/3.4.0/gems/activerecord-8.1.1/lib/active_record/connection_adapters/schema_cache.rb:354:in 'block in ActiveRecord::ConnectionAdapters::SchemaCache#columns_hash'
	from /home/vmuser114/.rbenv/versions/3.4.4/lib/ruby/gems/3.4.0/gems/activerecord-8.1.1/lib/active_record/connection_adapters/schema_cache.rb:353:in 'Hash#fetch'
	from /home/vmuser114/.rbenv/versions/3.4.4/lib/ruby/gems/3.4.0/gems/activerecord-8.1.1/lib/active_record/connection_adapters/schema_cache.rb:353:in 'ActiveRecord::ConnectionAdapters::SchemaCache#columns_hash'
	from /home/vmuser114/.rbenv/versions/3.4.4/lib/ruby/gems/3.4.0/gems/activerecord-8.1.1/lib/active_record/connection_adapters/schema_cache.rb:54:in 'ActiveRecord::ConnectionAdapters::SchemaReflection#columns_hash'
	from /home/vmuser114/.rbenv/versions/3.4.4/lib/ruby/gems/3.4.0/gems/activerecord-8.1.1/lib/active_record/connection_adapters/schema_cache.rb:198:in 'ActiveRecord::ConnectionAdapters::BoundSchemaReflection#columns_hash'
	from /home/vmuser114/.rbenv/versions/3.4.4/lib/ruby/gems/3.4.0/gems/activerecord-8.1.1/lib/active_record/model_schema.rb:609:in 'ActiveRecord::ModelSchema::ClassMethods#load_schema!'
	from /home/vmuser114/.rbenv/versions/3.4.4/lib/ruby/gems/3.4.0/gems/activerecord-8.1.1/lib/active_record/counter_cache.rb:212:in 'ActiveRecord::CounterCache::ClassMethods#load_schema!'
	from /home/vmuser114/.rbenv/versions/3.4.4/lib/ruby/gems/3.4.0/gems/activerecord-8.1.1/lib/active_record/encryption/encryptable_record.rb:127:in 'ActiveRecord::Encryption::EncryptableRecord::ClassMethods#load_schema!'
	from /home/vmuser114/.rbenv/versions/3.4.4/lib/ruby/gems/3.4.0/gems/activerecord-8.1.1/lib/active_record/model_schema.rb:555:in 'block in ActiveRecord::ModelSchema::ClassMethods#load_schema'
	from /home/vmuser114/.rbenv/versions/3.4.4/lib/ruby/gems/3.4.0/gems/activerecord-8.1.1/lib/active_record/model_schema.rb:552:in 'Monitor#synchronize'
	from /home/vmuser114/.rbenv/versions/3.4.4/lib/ruby/gems/3.4.0/gems/activerecord-8.1.1/lib/active_record/model_schema.rb:552:in 'ActiveRecord::ModelSchema::ClassMethods#load_schema'
	from /home/vmuser114/.rbenv/versions/3.4.4/lib/ruby/gems/3.4.0/gems/activerecord-8.1.1/lib/active_record/model_schema.rb:444:in 'ActiveRecord::ModelSchema::ClassMethods#columns_hash'
	from /home/vmuser114/.rbenv/versions/3.4.4/lib/ruby/gems/3.4.0/gems/activerecord-8.1.1/lib/active_record/attributes.rb:257:in 'block in ActiveRecord::Attributes::ClassMethods#_default_attributes'
	from /home/vmuser114/.rbenv/versions/3.4.4/lib/ruby/gems/3.4.0/gems/activerecord-8.1.1/lib/active_record/connection_adapters/abstract/connection_pool.rb:463:in 'ActiveRecord::ConnectionAdapters::ConnectionPool#with_connection'
	from /home/vmuser114/.rbenv/versions/3.4.4/lib/ruby/gems/3.4.0/gems/activerecord-8.1.1/lib/active_record/connection_handling.rb:313:in 'ActiveRecord::ConnectionHandling#with_connection'
	from /home/vmuser114/.rbenv/versions/3.4.4/lib/ruby/gems/3.4.0/gems/activerecord-8.1.1/lib/active_record/attributes.rb:256:in 'ActiveRecord::Attributes::ClassMethods#_default_attributes'
	from /home/vmuser114/.rbenv/versions/3.4.4/lib/ruby/gems/3.4.0/gems/activemodel-8.1.1/lib/active_model/attribute_registration.rb:38:in 'ActiveModel::AttributeRegistration::ClassMethods#attribute_types'
	from /home/vmuser114/.rbenv/versions/3.4.4/lib/ruby/gems/3.4.0/gems/activerecord-8.1.1/lib/active_record/attribute_methods.rb:261:in 'ActiveRecord::AttributeMethods::ClassMethods#_has_attribute?'
	from /home/vmuser114/.rbenv/versions/3.4.4/lib/ruby/gems/3.4.0/gems/activerecord-8.1.1/lib/active_record/inheritance.rb:61:in 'ActiveRecord::Inheritance::ClassMethods#new'
	from /home/vmuser114/.rbenv/versions/3.4.4/lib/ruby/gems/3.4.0/gems/solid_queue-1.2.4/app/models/solid_queue/recurring_task.rb:26:in 'SolidQueue::RecurringTask.from_configuration'
	from /home/vmuser114/.rbenv/versions/3.4.4/lib/ruby/gems/3.4.0/gems/solid_queue-1.2.4/lib/solid_queue/configuration.rb:144:in 'block in SolidQueue::Configuration#recurring_tasks'
	from /home/vmuser114/.rbenv/versions/3.4.4/lib/ruby/gems/3.4.0/gems/solid_queue-1.2.4/lib/solid_queue/configuration.rb:143:in 'Hash#each'
	from /home/vmuser114/.rbenv/versions/3.4.4/lib/ruby/gems/3.4.0/gems/solid_queue-1.2.4/lib/solid_queue/configuration.rb:143:in 'Enumerable#map'
	from /home/vmuser114/.rbenv/versions/3.4.4/lib/ruby/gems/3.4.0/gems/solid_queue-1.2.4/lib/solid_queue/configuration.rb:143:in 'SolidQueue::Configuration#recurring_tasks'
	from /home/vmuser114/.rbenv/versions/3.4.4/lib/ruby/gems/3.4.0/gems/solid_queue-1.2.4/lib/solid_queue/configuration.rb:125:in 'SolidQueue::Configuration#schedulers'
	from /home/vmuser114/.rbenv/versions/3.4.4/lib/ruby/gems/3.4.0/gems/solid_queue-1.2.4/lib/solid_queue/configuration.rb:41:in 'SolidQueue::Configuration#configured_processes'
	from /home/vmuser114/.rbenv/versions/3.4.4/lib/ruby/gems/3.4.0/gems/solid_queue-1.2.4/lib/solid_queue/configuration.rb:63:in 'SolidQueue::Configuration#ensure_configured_processes'
	from /home/vmuser114/.rbenv/versions/3.4.4/lib/ruby/gems/3.4.0/gems/activesupport-8.1.1/lib/active_support/callbacks.rb:362:in 'block in ActiveSupport::Callbacks::CallTemplate::MethodCall#make_lambda'
	from /home/vmuser114/.rbenv/versions/3.4.4/lib/ruby/gems/3.4.0/gems/activesupport-8.1.1/lib/active_support/callbacks.rb:179:in 'block in ActiveSupport::Callbacks::Filters::Before#call'
	from /home/vmuser114/.rbenv/versions/3.4.4/lib/ruby/gems/3.4.0/gems/activesupport-8.1.1/lib/active_support/callbacks.rb:669:in 'block in ActiveSupport::Callbacks::CallbackChain::DefaultTerminator#call'
	from /home/vmuser114/.rbenv/versions/3.4.4/lib/ruby/gems/3.4.0/gems/activesupport-8.1.1/lib/active_support/callbacks.rb:668:in 'Kernel#catch'
	from /home/vmuser114/.rbenv/versions/3.4.4/lib/ruby/gems/3.4.0/gems/activesupport-8.1.1/lib/active_support/callbacks.rb:668:in 'ActiveSupport::Callbacks::CallbackChain::DefaultTerminator#call'
	from /home/vmuser114/.rbenv/versions/3.4.4/lib/ruby/gems/3.4.0/gems/activesupport-8.1.1/lib/active_support/callbacks.rb:180:in 'ActiveSupport::Callbacks::Filters::Before#call'
	from /home/vmuser114/.rbenv/versions/3.4.4/lib/ruby/gems/3.4.0/gems/activesupport-8.1.1/lib/active_support/callbacks.rb:560:in 'block in ActiveSupport::Callbacks::CallbackSequence#invoke_before'
	from /home/vmuser114/.rbenv/versions/3.4.4/lib/ruby/gems/3.4.0/gems/activesupport-8.1.1/lib/active_support/callbacks.rb:560:in 'Array#each'
	from /home/vmuser114/.rbenv/versions/3.4.4/lib/ruby/gems/3.4.0/gems/activesupport-8.1.1/lib/active_support/callbacks.rb:560:in 'ActiveSupport::Callbacks::CallbackSequence#invoke_before'
	from /home/vmuser114/.rbenv/versions/3.4.4/lib/ruby/gems/3.4.0/gems/activesupport-8.1.1/lib/active_support/callbacks.rb:109:in 'ActiveSupport::Callbacks#run_callbacks'
	from /home/vmuser114/.rbenv/versions/3.4.4/lib/ruby/gems/3.4.0/gems/activesupport-8.1.1/lib/active_support/callbacks.rb:916:in 'SolidQueue::Configuration#_run_validate_callbacks!'
	from /home/vmuser114/.rbenv/versions/3.4.4/lib/ruby/gems/3.4.0/gems/activemodel-8.1.1/lib/active_model/validations.rb:462:in 'ActiveModel::Validations#run_validations!'
	from /home/vmuser114/.rbenv/versions/3.4.4/lib/ruby/gems/3.4.0/gems/activemodel-8.1.1/lib/active_model/validations.rb:367:in 'ActiveModel::Validations#valid?'
	from /home/vmuser114/.rbenv/versions/3.4.4/lib/ruby/gems/3.4.0/gems/solid_queue-1.2.4/lib/solid_queue/supervisor.rb:15:in 'SolidQueue::Supervisor.start'
	from /home/vmuser114/.rbenv/versions/3.4.4/lib/ruby/gems/3.4.0/gems/solid_queue-1.2.4/lib/puma/plugin/solid_queue.rb:28:in 'block (2 levels) in start'
	from /home/vmuser114/.rbenv/versions/3.4.4/lib/ruby/gems/3.4.0/gems/solid_queue-1.2.4/lib/puma/plugin/solid_queue.rb:26:in 'Kernel#fork'
	from /home/vmuser114/.rbenv/versions/3.4.4/lib/ruby/gems/3.4.0/gems/solid_queue-1.2.4/lib/puma/plugin/solid_queue.rb:26:in 'block in start'
	from /home/vmuser114/.rbenv/versions/3.4.4/lib/ruby/gems/3.4.0/gems/puma-7.1.0/lib/puma/events.rb:17:in 'block in Puma::Events#fire'
	from /home/vmuser114/.rbenv/versions/3.4.4/lib/ruby/gems/3.4.0/gems/puma-7.1.0/lib/puma/events.rb:17:in 'Array#each'
	from /home/vmuser114/.rbenv/versions/3.4.4/lib/ruby/gems/3.4.0/gems/puma-7.1.0/lib/puma/events.rb:17:in 'Puma::Events#fire'
	from /home/vmuser114/.rbenv/versions/3.4.4/lib/ruby/gems/3.4.0/gems/puma-7.1.0/lib/puma/events.rb:61:in 'Puma::Events#fire_after_booted!'
	from /home/vmuser114/.rbenv/versions/3.4.4/lib/ruby/gems/3.4.0/gems/puma-7.1.0/lib/puma/cluster.rb:513:in 'Puma::Cluster#run'
	from /home/vmuser114/.rbenv/versions/3.4.4/lib/ruby/gems/3.4.0/gems/puma-7.1.0/lib/puma/launcher.rb:207:in 'Puma::Launcher#run'
	from /home/vmuser114/.rbenv/versions/3.4.4/lib/ruby/gems/3.4.0/gems/puma-7.1.0/lib/rack/handler/puma.rb:79:in 'Puma::RackHandler#run'
	from /home/vmuser114/.rbenv/versions/3.4.4/lib/ruby/gems/3.4.0/gems/rackup-2.3.1/lib/rackup/server.rb:341:in 'Rackup::Server#start'
	from /home/vmuser114/.rbenv/versions/3.4.4/lib/ruby/gems/3.4.0/gems/railties-8.1.1/lib/rails/commands/server/server_command.rb:38:in 'Rails::Server#start'
	from /home/vmuser114/.rbenv/versions/3.4.4/lib/ruby/gems/3.4.0/gems/railties-8.1.1/lib/rails/commands/server/server_command.rb:145:in 'block in Rails::Command::ServerCommand#perform'
	from <internal:kernel>:91:in 'Kernel#tap'
	from /home/vmuser114/.rbenv/versions/3.4.4/lib/ruby/gems/3.4.0/gems/railties-8.1.1/lib/rails/commands/server/server_command.rb:136:in 'Rails::Command::ServerCommand#perform'
	from /home/vmuser114/.rbenv/versions/3.4.4/lib/ruby/gems/3.4.0/gems/thor-1.5.0/lib/thor/command.rb:28:in 'Thor::Command#run'
	from /home/vmuser114/.rbenv/versions/3.4.4/lib/ruby/gems/3.4.0/gems/thor-1.5.0/lib/thor/invocation.rb:127:in 'Thor::Invocation#invoke_command'
	from /home/vmuser114/.rbenv/versions/3.4.4/lib/ruby/gems/3.4.0/gems/railties-8.1.1/lib/rails/command/base.rb:176:in 'Rails::Command::Base#invoke_command'
	from /home/vmuser114/.rbenv/versions/3.4.4/lib/ruby/gems/3.4.0/gems/thor-1.5.0/lib/thor.rb:538:in 'Thor.dispatch'
	from /home/vmuser114/.rbenv/versions/3.4.4/lib/ruby/gems/3.4.0/gems/railties-8.1.1/lib/rails/command/base.rb:71:in 'Rails::Command::Base.perform'
	from /home/vmuser114/.rbenv/versions/3.4.4/lib/ruby/gems/3.4.0/gems/railties-8.1.1/lib/rails/command.rb:65:in 'block in Rails::Command.invoke'
	from /home/vmuser114/.rbenv/versions/3.4.4/lib/ruby/gems/3.4.0/gems/railties-8.1.1/lib/rails/command.rb:143:in 'Rails::Command.with_argv'
	from /home/vmuser114/.rbenv/versions/3.4.4/lib/ruby/gems/3.4.0/gems/railties-8.1.1/lib/rails/command.rb:63:in 'Rails::Command.invoke'
	from /home/vmuser114/.rbenv/versions/3.4.4/lib/ruby/gems/3.4.0/gems/railties-8.1.1/lib/rails/commands.rb:18:in '<main>'
	from /home/vmuser114/.rbenv/versions/3.4.4/lib/ruby/3.4.0/bundled_gems.rb:82:in 'Kernel.require'
	from /home/vmuser114/.rbenv/versions/3.4.4/lib/ruby/3.4.0/bundled_gems.rb:82:in 'block (2 levels) in Kernel#replace_require'
	from /home/vmuser114/.rbenv/versions/3.4.4/lib/ruby/gems/3.4.0/gems/bootsnap-1.19.0/lib/bootsnap/load_path_cache/core_ext/kernel_require.rb:30:in 'Kernel#require'
	from bin/rails:4:in '<main>'
/home/vmuser114/.rbenv/versions/3.4.4/lib/ruby/gems/3.4.0/gems/activerecord-8.1.1/lib/active_record/connection_adapters/postgresql/database_statements.rb:167:in 'PG::Connection#exec': ERROR:  relation "solid_queue_recurring_tasks" does not exist (PG::UndefinedTable)
LINE 10:  WHERE a.attrelid = '"solid_queue_recurring_tasks"'::regclas...
                             ^

	from /home/vmuser114/.rbenv/versions/3.4.4/lib/ruby/gems/3.4.0/gems/activerecord-8.1.1/lib/active_record/connection_adapters/postgresql/database_statements.rb:167:in 'ActiveRecord::ConnectionAdapters::PostgreSQL::DatabaseStatements#perform_query'
	from /home/vmuser114/.rbenv/versions/3.4.4/lib/ruby/gems/3.4.0/gems/activerecord-8.1.1/lib/active_record/connection_adapters/abstract/database_statements.rb:571:in 'block (2 levels) in ActiveRecord::ConnectionAdapters::DatabaseStatements#raw_execute'
	from /home/vmuser114/.rbenv/versions/3.4.4/lib/ruby/gems/3.4.0/gems/activerecord-8.1.1/lib/active_record/connection_adapters/abstract_adapter.rb:1081:in 'block in ActiveRecord::ConnectionAdapters::AbstractAdapter#with_raw_connection'
	from /home/vmuser114/.rbenv/versions/3.4.4/lib/ruby/gems/3.4.0/gems/activesupport-8.1.1/lib/active_support/concurrency/null_lock.rb:9:in 'ActiveSupport::Concurrency::NullLock#synchronize'
	from /home/vmuser114/.rbenv/versions/3.4.4/lib/ruby/gems/3.4.0/gems/activerecord-8.1.1/lib/active_record/connection_adapters/abstract_adapter.rb:1050:in 'ActiveRecord::ConnectionAdapters::AbstractAdapter#with_raw_connection'
	from /home/vmuser114/.rbenv/versions/3.4.4/lib/ruby/gems/3.4.0/gems/activerecord-8.1.1/lib/active_record/connection_adapters/abstract/database_statements.rb:570:in 'block in ActiveRecord::ConnectionAdapters::DatabaseStatements#raw_execute'
	from /home/vmuser114/.rbenv/versions/3.4.4/lib/ruby/gems/3.4.0/gems/activesupport-8.1.1/lib/active_support/notifications/instrumenter.rb:58:in 'ActiveSupport::Notifications::Instrumenter#instrument'
	from /home/vmuser114/.rbenv/versions/3.4.4/lib/ruby/gems/3.4.0/gems/activerecord-8.1.1/lib/active_record/connection_adapters/abstract_adapter.rb:1201:in 'ActiveRecord::ConnectionAdapters::AbstractAdapter#log'
	from /home/vmuser114/.rbenv/versions/3.4.4/lib/ruby/gems/3.4.0/gems/activerecord-8.1.1/lib/active_record/connection_adapters/abstract/database_statements.rb:569:in 'ActiveRecord::ConnectionAdapters::DatabaseStatements#raw_execute'
	from /home/vmuser114/.rbenv/versions/3.4.4/lib/ruby/gems/3.4.0/gems/activerecord-8.1.1/lib/active_record/connection_adapters/abstract/database_statements.rb:613:in 'ActiveRecord::ConnectionAdapters::DatabaseStatements#internal_execute'
	from /home/vmuser114/.rbenv/versions/3.4.4/lib/ruby/gems/3.4.0/gems/activerecord-8.1.1/lib/active_record/connection_adapters/postgresql/database_statements.rb:15:in 'ActiveRecord::ConnectionAdapters::PostgreSQL::DatabaseStatements#query'
	from /home/vmuser114/.rbenv/versions/3.4.4/lib/ruby/gems/3.4.0/gems/activerecord-8.1.1/lib/active_record/connection_adapters/postgresql_adapter.rb:1051:in 'ActiveRecord::ConnectionAdapters::PostgreSQLAdapter#column_definitions'
	from /home/vmuser114/.rbenv/versions/3.4.4/lib/ruby/gems/3.4.0/gems/activerecord-8.1.1/lib/active_record/connection_adapters/abstract/schema_statements.rb:110:in 'ActiveRecord::ConnectionAdapters::SchemaStatements#columns'
	from /home/vmuser114/.rbenv/versions/3.4.4/lib/ruby/gems/3.4.0/gems/activerecord-8.1.1/lib/active_record/connection_adapters/schema_cache.rb:345:in 'block (2 levels) in ActiveRecord::ConnectionAdapters::SchemaCache#columns'
	from /home/vmuser114/.rbenv/versions/3.4.4/lib/ruby/gems/3.4.0/gems/activerecord-8.1.1/lib/active_record/connection_adapters/abstract/connection_pool.rb:457:in 'ActiveRecord::ConnectionAdapters::ConnectionPool#with_connection'
	from /home/vmuser114/.rbenv/versions/3.4.4/lib/ruby/gems/3.4.0/gems/activerecord-8.1.1/lib/active_record/connection_adapters/schema_cache.rb:344:in 'block in ActiveRecord::ConnectionAdapters::SchemaCache#columns'
	from /home/vmuser114/.rbenv/versions/3.4.4/lib/ruby/gems/3.4.0/gems/activerecord-8.1.1/lib/active_record/connection_adapters/schema_cache.rb:343:in 'Hash#fetch'
	from /home/vmuser114/.rbenv/versions/3.4.4/lib/ruby/gems/3.4.0/gems/activerecord-8.1.1/lib/active_record/connection_adapters/schema_cache.rb:343:in 'ActiveRecord::ConnectionAdapters::SchemaCache#columns'
	from /home/vmuser114/.rbenv/versions/3.4.4/lib/ruby/gems/3.4.0/gems/activerecord-8.1.1/lib/active_record/connection_adapters/schema_cache.rb:354:in 'block in ActiveRecord::ConnectionAdapters::SchemaCache#columns_hash'
	from /home/vmuser114/.rbenv/versions/3.4.4/lib/ruby/gems/3.4.0/gems/activerecord-8.1.1/lib/active_record/connection_adapters/schema_cache.rb:353:in 'Hash#fetch'
	from /home/vmuser114/.rbenv/versions/3.4.4/lib/ruby/gems/3.4.0/gems/activerecord-8.1.1/lib/active_record/connection_adapters/schema_cache.rb:353:in 'ActiveRecord::ConnectionAdapters::SchemaCache#columns_hash'
	from /home/vmuser114/.rbenv/versions/3.4.4/lib/ruby/gems/3.4.0/gems/activerecord-8.1.1/lib/active_record/connection_adapters/schema_cache.rb:54:in 'ActiveRecord::ConnectionAdapters::SchemaReflection#columns_hash'
	from /home/vmuser114/.rbenv/versions/3.4.4/lib/ruby/gems/3.4.0/gems/activerecord-8.1.1/lib/active_record/connection_adapters/schema_cache.rb:198:in 'ActiveRecord::ConnectionAdapters::BoundSchemaReflection#columns_hash'
	from /home/vmuser114/.rbenv/versions/3.4.4/lib/ruby/gems/3.4.0/gems/activerecord-8.1.1/lib/active_record/model_schema.rb:609:in 'ActiveRecord::ModelSchema::ClassMethods#load_schema!'
	from /home/vmuser114/.rbenv/versions/3.4.4/lib/ruby/gems/3.4.0/gems/activerecord-8.1.1/lib/active_record/counter_cache.rb:212:in 'ActiveRecord::CounterCache::ClassMethods#load_schema!'
	from /home/vmuser114/.rbenv/versions/3.4.4/lib/ruby/gems/3.4.0/gems/activerecord-8.1.1/lib/active_record/encryption/encryptable_record.rb:127:in 'ActiveRecord::Encryption::EncryptableRecord::ClassMethods#load_schema!'
	from /home/vmuser114/.rbenv/versions/3.4.4/lib/ruby/gems/3.4.0/gems/activerecord-8.1.1/lib/active_record/model_schema.rb:555:in 'block in ActiveRecord::ModelSchema::ClassMethods#load_schema'
	from /home/vmuser114/.rbenv/versions/3.4.4/lib/ruby/gems/3.4.0/gems/activerecord-8.1.1/lib/active_record/model_schema.rb:552:in 'Monitor#synchronize'
	from /home/vmuser114/.rbenv/versions/3.4.4/lib/ruby/gems/3.4.0/gems/activerecord-8.1.1/lib/active_record/model_schema.rb:552:in 'ActiveRecord::ModelSchema::ClassMethods#load_schema'
	from /home/vmuser114/.rbenv/versions/3.4.4/lib/ruby/gems/3.4.0/gems/activerecord-8.1.1/lib/active_record/model_schema.rb:444:in 'ActiveRecord::ModelSchema::ClassMethods#columns_hash'
	from /home/vmuser114/.rbenv/versions/3.4.4/lib/ruby/gems/3.4.0/gems/activerecord-8.1.1/lib/active_record/attributes.rb:257:in 'block in ActiveRecord::Attributes::ClassMethods#_default_attributes'
	from /home/vmuser114/.rbenv/versions/3.4.4/lib/ruby/gems/3.4.0/gems/activerecord-8.1.1/lib/active_record/connection_adapters/abstract/connection_pool.rb:463:in 'ActiveRecord::ConnectionAdapters::ConnectionPool#with_connection'
	from /home/vmuser114/.rbenv/versions/3.4.4/lib/ruby/gems/3.4.0/gems/activerecord-8.1.1/lib/active_record/connection_handling.rb:313:in 'ActiveRecord::ConnectionHandling#with_connection'
	from /home/vmuser114/.rbenv/versions/3.4.4/lib/ruby/gems/3.4.0/gems/activerecord-8.1.1/lib/active_record/attributes.rb:256:in 'ActiveRecord::Attributes::ClassMethods#_default_attributes'
	from /home/vmuser114/.rbenv/versions/3.4.4/lib/ruby/gems/3.4.0/gems/activemodel-8.1.1/lib/active_model/attribute_registration.rb:38:in 'ActiveModel::AttributeRegistration::ClassMethods#attribute_types'
	from /home/vmuser114/.rbenv/versions/3.4.4/lib/ruby/gems/3.4.0/gems/activerecord-8.1.1/lib/active_record/attribute_methods.rb:261:in 'ActiveRecord::AttributeMethods::ClassMethods#_has_attribute?'
	from /home/vmuser114/.rbenv/versions/3.4.4/lib/ruby/gems/3.4.0/gems/activerecord-8.1.1/lib/active_record/inheritance.rb:61:in 'ActiveRecord::Inheritance::ClassMethods#new'
	from /home/vmuser114/.rbenv/versions/3.4.4/lib/ruby/gems/3.4.0/gems/solid_queue-1.2.4/app/models/solid_queue/recurring_task.rb:26:in 'SolidQueue::RecurringTask.from_configuration'
	from /home/vmuser114/.rbenv/versions/3.4.4/lib/ruby/gems/3.4.0/gems/solid_queue-1.2.4/lib/solid_queue/configuration.rb:144:in 'block in SolidQueue::Configuration#recurring_tasks'
	from /home/vmuser114/.rbenv/versions/3.4.4/lib/ruby/gems/3.4.0/gems/solid_queue-1.2.4/lib/solid_queue/configuration.rb:143:in 'Hash#each'
	from /home/vmuser114/.rbenv/versions/3.4.4/lib/ruby/gems/3.4.0/gems/solid_queue-1.2.4/lib/solid_queue/configuration.rb:143:in 'Enumerable#map'
	from /home/vmuser114/.rbenv/versions/3.4.4/lib/ruby/gems/3.4.0/gems/solid_queue-1.2.4/lib/solid_queue/configuration.rb:143:in 'SolidQueue::Configuration#recurring_tasks'
	from /home/vmuser114/.rbenv/versions/3.4.4/lib/ruby/gems/3.4.0/gems/solid_queue-1.2.4/lib/solid_queue/configuration.rb:125:in 'SolidQueue::Configuration#schedulers'
	from /home/vmuser114/.rbenv/versions/3.4.4/lib/ruby/gems/3.4.0/gems/solid_queue-1.2.4/lib/solid_queue/configuration.rb:41:in 'SolidQueue::Configuration#configured_processes'
	from /home/vmuser114/.rbenv/versions/3.4.4/lib/ruby/gems/3.4.0/gems/solid_queue-1.2.4/lib/solid_queue/configuration.rb:63:in 'SolidQueue::Configuration#ensure_configured_processes'
	from /home/vmuser114/.rbenv/versions/3.4.4/lib/ruby/gems/3.4.0/gems/activesupport-8.1.1/lib/active_support/callbacks.rb:362:in 'block in ActiveSupport::Callbacks::CallTemplate::MethodCall#make_lambda'
	from /home/vmuser114/.rbenv/versions/3.4.4/lib/ruby/gems/3.4.0/gems/activesupport-8.1.1/lib/active_support/callbacks.rb:179:in 'block in ActiveSupport::Callbacks::Filters::Before#call'
	from /home/vmuser114/.rbenv/versions/3.4.4/lib/ruby/gems/3.4.0/gems/activesupport-8.1.1/lib/active_support/callbacks.rb:669:in 'block in ActiveSupport::Callbacks::CallbackChain::DefaultTerminator#call'
	from /home/vmuser114/.rbenv/versions/3.4.4/lib/ruby/gems/3.4.0/gems/activesupport-8.1.1/lib/active_support/callbacks.rb:668:in 'Kernel#catch'
	from /home/vmuser114/.rbenv/versions/3.4.4/lib/ruby/gems/3.4.0/gems/activesupport-8.1.1/lib/active_support/callbacks.rb:668:in 'ActiveSupport::Callbacks::CallbackChain::DefaultTerminator#call'
	from /home/vmuser114/.rbenv/versions/3.4.4/lib/ruby/gems/3.4.0/gems/activesupport-8.1.1/lib/active_support/callbacks.rb:180:in 'ActiveSupport::Callbacks::Filters::Before#call'
	from /home/vmuser114/.rbenv/versions/3.4.4/lib/ruby/gems/3.4.0/gems/activesupport-8.1.1/lib/active_support/callbacks.rb:560:in 'block in ActiveSupport::Callbacks::CallbackSequence#invoke_before'
	from /home/vmuser114/.rbenv/versions/3.4.4/lib/ruby/gems/3.4.0/gems/activesupport-8.1.1/lib/active_support/callbacks.rb:560:in 'Array#each'
	from /home/vmuser114/.rbenv/versions/3.4.4/lib/ruby/gems/3.4.0/gems/activesupport-8.1.1/lib/active_support/callbacks.rb:560:in 'ActiveSupport::Callbacks::CallbackSequence#invoke_before'
	from /home/vmuser114/.rbenv/versions/3.4.4/lib/ruby/gems/3.4.0/gems/activesupport-8.1.1/lib/active_support/callbacks.rb:109:in 'ActiveSupport::Callbacks#run_callbacks'
	from /home/vmuser114/.rbenv/versions/3.4.4/lib/ruby/gems/3.4.0/gems/activesupport-8.1.1/lib/active_support/callbacks.rb:916:in 'SolidQueue::Configuration#_run_validate_callbacks!'
	from /home/vmuser114/.rbenv/versions/3.4.4/lib/ruby/gems/3.4.0/gems/activemodel-8.1.1/lib/active_model/validations.rb:462:in 'ActiveModel::Validations#run_validations!'
	from /home/vmuser114/.rbenv/versions/3.4.4/lib/ruby/gems/3.4.0/gems/activemodel-8.1.1/lib/active_model/validations.rb:367:in 'ActiveModel::Validations#valid?'
	from /home/vmuser114/.rbenv/versions/3.4.4/lib/ruby/gems/3.4.0/gems/solid_queue-1.2.4/lib/solid_queue/supervisor.rb:15:in 'SolidQueue::Supervisor.start'
	from /home/vmuser114/.rbenv/versions/3.4.4/lib/ruby/gems/3.4.0/gems/solid_queue-1.2.4/lib/puma/plugin/solid_queue.rb:28:in 'block (2 levels) in start'
	from /home/vmuser114/.rbenv/versions/3.4.4/lib/ruby/gems/3.4.0/gems/solid_queue-1.2.4/lib/puma/plugin/solid_queue.rb:26:in 'Kernel#fork'
	from /home/vmuser114/.rbenv/versions/3.4.4/lib/ruby/gems/3.4.0/gems/solid_queue-1.2.4/lib/puma/plugin/solid_queue.rb:26:in 'block in start'
	from /home/vmuser114/.rbenv/versions/3.4.4/lib/ruby/gems/3.4.0/gems/puma-7.1.0/lib/puma/events.rb:17:in 'block in Puma::Events#fire'
	from /home/vmuser114/.rbenv/versions/3.4.4/lib/ruby/gems/3.4.0/gems/puma-7.1.0/lib/puma/events.rb:17:in 'Array#each'
	from /home/vmuser114/.rbenv/versions/3.4.4/lib/ruby/gems/3.4.0/gems/puma-7.1.0/lib/puma/events.rb:17:in 'Puma::Events#fire'
	from /home/vmuser114/.rbenv/versions/3.4.4/lib/ruby/gems/3.4.0/gems/puma-7.1.0/lib/puma/events.rb:61:in 'Puma::Events#fire_after_booted!'
	from /home/vmuser114/.rbenv/versions/3.4.4/lib/ruby/gems/3.4.0/gems/puma-7.1.0/lib/puma/cluster.rb:513:in 'Puma::Cluster#run'
	from /home/vmuser114/.rbenv/versions/3.4.4/lib/ruby/gems/3.4.0/gems/puma-7.1.0/lib/puma/launcher.rb:207:in 'Puma::Launcher#run'
	from /home/vmuser114/.rbenv/versions/3.4.4/lib/ruby/gems/3.4.0/gems/puma-7.1.0/lib/rack/handler/puma.rb:79:in 'Puma::RackHandler#run'
	from /home/vmuser114/.rbenv/versions/3.4.4/lib/ruby/gems/3.4.0/gems/rackup-2.3.1/lib/rackup/server.rb:341:in 'Rackup::Server#start'
	from /home/vmuser114/.rbenv/versions/3.4.4/lib/ruby/gems/3.4.0/gems/railties-8.1.1/lib/rails/commands/server/server_command.rb:38:in 'Rails::Server#start'
	from /home/vmuser114/.rbenv/versions/3.4.4/lib/ruby/gems/3.4.0/gems/railties-8.1.1/lib/rails/commands/server/server_command.rb:145:in 'block in Rails::Command::ServerCommand#perform'
	from <internal:kernel>:91:in 'Kernel#tap'
	from /home/vmuser114/.rbenv/versions/3.4.4/lib/ruby/gems/3.4.0/gems/railties-8.1.1/lib/rails/commands/server/server_command.rb:136:in 'Rails::Command::ServerCommand#perform'
	from /home/vmuser114/.rbenv/versions/3.4.4/lib/ruby/gems/3.4.0/gems/thor-1.5.0/lib/thor/command.rb:28:in 'Thor::Command#run'
	from /home/vmuser114/.rbenv/versions/3.4.4/lib/ruby/gems/3.4.0/gems/thor-1.5.0/lib/thor/invocation.rb:127:in 'Thor::Invocation#invoke_command'
	from /home/vmuser114/.rbenv/versions/3.4.4/lib/ruby/gems/3.4.0/gems/railties-8.1.1/lib/rails/command/base.rb:176:in 'Rails::Command::Base#invoke_command'
	from /home/vmuser114/.rbenv/versions/3.4.4/lib/ruby/gems/3.4.0/gems/thor-1.5.0/lib/thor.rb:538:in 'Thor.dispatch'
	from /home/vmuser114/.rbenv/versions/3.4.4/lib/ruby/gems/3.4.0/gems/railties-8.1.1/lib/rails/command/base.rb:71:in 'Rails::Command::Base.perform'
	from /home/vmuser114/.rbenv/versions/3.4.4/lib/ruby/gems/3.4.0/gems/railties-8.1.1/lib/rails/command.rb:65:in 'block in Rails::Command.invoke'
	from /home/vmuser114/.rbenv/versions/3.4.4/lib/ruby/gems/3.4.0/gems/railties-8.1.1/lib/rails/command.rb:143:in 'Rails::Command.with_argv'
	from /home/vmuser114/.rbenv/versions/3.4.4/lib/ruby/gems/3.4.0/gems/railties-8.1.1/lib/rails/command.rb:63:in 'Rails::Command.invoke'
	from /home/vmuser114/.rbenv/versions/3.4.4/lib/ruby/gems/3.4.0/gems/railties-8.1.1/lib/rails/commands.rb:18:in '<main>'
	from /home/vmuser114/.rbenv/versions/3.4.4/lib/ruby/3.4.0/bundled_gems.rb:82:in 'Kernel.require'
	from /home/vmuser114/.rbenv/versions/3.4.4/lib/ruby/3.4.0/bundled_gems.rb:82:in 'block (2 levels) in Kernel#replace_require'
	from /home/vmuser114/.rbenv/versions/3.4.4/lib/ruby/gems/3.4.0/gems/bootsnap-1.19.0/lib/bootsnap/load_path_cache/core_ext/kernel_require.rb:30:in 'Kernel#require'
	from bin/rails:4:in '<main>'
[3157] ! reaped unknown child process pid=3205 status=pid 3205 exit 1
[3157] Detected Solid Queue has gone away, stopping Puma...
[3157] - Gracefully shutting down workers...
[3157] === puma shutdown: 2026-02-27 16:32:38 +0000 ===
[3157] - Goodbye!
Exiting
=> Booting Puma
=> Rails 8.1.1 application starting in production 
=> Run `bin/rails server --help` for more startup options
/home/vmuser114/apps/APEX_api/app/models/role.rb:20: warning: already initialized constant Role::ADMIN
/home/vmuser114/apps/APEX_api/app/models/role.rb:4: warning: previous definition of ADMIN was here
[3262] Puma starting in cluster mode...
[3262] * Puma version: 7.1.0 ("Neon Witch")
[3262] * Ruby version: ruby 3.4.4 (2025-05-14 revision a38531fd3f) +PRISM [x86_64-linux]
[3262] *  Min threads: 5
[3262] *  Max threads: 5
[3262] *  Environment: production
[3262] *   Master PID: 3262
[3262] *      Workers: 2
[3262] *     Restarts: (✔) hot (✖) phased (✖) refork
[3262] * Preloading application
[3262] * Listening on http://0.0.0.0:3000
[3262] Use Ctrl-C to stop
[3262] - Worker 0 (PID: 3285) booted in 0.01s, phase: 0
[3262] - Worker 1 (PID: 3289) booted in 0.0s, phase: 0
/home/vmuser114/.rbenv/versions/3.4.4/lib/ruby/gems/3.4.0/gems/activerecord-8.1.1/lib/active_record/connection_adapters/postgresql/database_statements.rb:167:in 'PG::Connection#exec': PG::UndefinedTable: ERROR:  relation "solid_queue_recurring_tasks" does not exist (ActiveRecord::StatementInvalid)
LINE 10:  WHERE a.attrelid = '"solid_queue_recurring_tasks"'::regclas...
                             ^

	from /home/vmuser114/.rbenv/versions/3.4.4/lib/ruby/gems/3.4.0/gems/activerecord-8.1.1/lib/active_record/connection_adapters/postgresql/database_statements.rb:167:in 'ActiveRecord::ConnectionAdapters::PostgreSQL::DatabaseStatements#perform_query'
	from /home/vmuser114/.rbenv/versions/3.4.4/lib/ruby/gems/3.4.0/gems/activerecord-8.1.1/lib/active_record/connection_adapters/abstract/database_statements.rb:571:in 'block (2 levels) in ActiveRecord::ConnectionAdapters::DatabaseStatements#raw_execute'
	from /home/vmuser114/.rbenv/versions/3.4.4/lib/ruby/gems/3.4.0/gems/activerecord-8.1.1/lib/active_record/connection_adapters/abstract_adapter.rb:1081:in 'block in ActiveRecord::ConnectionAdapters::AbstractAdapter#with_raw_connection'
	from /home/vmuser114/.rbenv/versions/3.4.4/lib/ruby/gems/3.4.0/gems/activesupport-8.1.1/lib/active_support/concurrency/null_lock.rb:9:in 'ActiveSupport::Concurrency::NullLock#synchronize'
	from /home/vmuser114/.rbenv/versions/3.4.4/lib/ruby/gems/3.4.0/gems/activerecord-8.1.1/lib/active_record/connection_adapters/abstract_adapter.rb:1050:in 'ActiveRecord::ConnectionAdapters::AbstractAdapter#with_raw_connection'
	from /home/vmuser114/.rbenv/versions/3.4.4/lib/ruby/gems/3.4.0/gems/activerecord-8.1.1/lib/active_record/connection_adapters/abstract/database_statements.rb:570:in 'block in ActiveRecord::ConnectionAdapters::DatabaseStatements#raw_execute'
	from /home/vmuser114/.rbenv/versions/3.4.4/lib/ruby/gems/3.4.0/gems/activesupport-8.1.1/lib/active_support/notifications/instrumenter.rb:58:in 'ActiveSupport::Notifications::Instrumenter#instrument'
	from /home/vmuser114/.rbenv/versions/3.4.4/lib/ruby/gems/3.4.0/gems/activerecord-8.1.1/lib/active_record/connection_adapters/abstract_adapter.rb:1201:in 'ActiveRecord::ConnectionAdapters::AbstractAdapter#log'
	from /home/vmuser114/.rbenv/versions/3.4.4/lib/ruby/gems/3.4.0/gems/activerecord-8.1.1/lib/active_record/connection_adapters/abstract/database_statements.rb:569:in 'ActiveRecord::ConnectionAdapters::DatabaseStatements#raw_execute'
	from /home/vmuser114/.rbenv/versions/3.4.4/lib/ruby/gems/3.4.0/gems/activerecord-8.1.1/lib/active_record/connection_adapters/abstract/database_statements.rb:613:in 'ActiveRecord::ConnectionAdapters::DatabaseStatements#internal_execute'
	from /home/vmuser114/.rbenv/versions/3.4.4/lib/ruby/gems/3.4.0/gems/activerecord-8.1.1/lib/active_record/connection_adapters/postgresql/database_statements.rb:15:in 'ActiveRecord::ConnectionAdapters::PostgreSQL::DatabaseStatements#query'
	from /home/vmuser114/.rbenv/versions/3.4.4/lib/ruby/gems/3.4.0/gems/activerecord-8.1.1/lib/active_record/connection_adapters/postgresql_adapter.rb:1051:in 'ActiveRecord::ConnectionAdapters::PostgreSQLAdapter#column_definitions'
	from /home/vmuser114/.rbenv/versions/3.4.4/lib/ruby/gems/3.4.0/gems/activerecord-8.1.1/lib/active_record/connection_adapters/abstract/schema_statements.rb:110:in 'ActiveRecord::ConnectionAdapters::SchemaStatements#columns'
	from /home/vmuser114/.rbenv/versions/3.4.4/lib/ruby/gems/3.4.0/gems/activerecord-8.1.1/lib/active_record/connection_adapters/schema_cache.rb:345:in 'block (2 levels) in ActiveRecord::ConnectionAdapters::SchemaCache#columns'
	from /home/vmuser114/.rbenv/versions/3.4.4/lib/ruby/gems/3.4.0/gems/activerecord-8.1.1/lib/active_record/connection_adapters/abstract/connection_pool.rb:457:in 'ActiveRecord::ConnectionAdapters::ConnectionPool#with_connection'
	from /home/vmuser114/.rbenv/versions/3.4.4/lib/ruby/gems/3.4.0/gems/activerecord-8.1.1/lib/active_record/connection_adapters/schema_cache.rb:344:in 'block in ActiveRecord::ConnectionAdapters::SchemaCache#columns'
	from /home/vmuser114/.rbenv/versions/3.4.4/lib/ruby/gems/3.4.0/gems/activerecord-8.1.1/lib/active_record/connection_adapters/schema_cache.rb:343:in 'Hash#fetch'
	from /home/vmuser114/.rbenv/versions/3.4.4/lib/ruby/gems/3.4.0/gems/activerecord-8.1.1/lib/active_record/connection_adapters/schema_cache.rb:343:in 'ActiveRecord::ConnectionAdapters::SchemaCache#columns'
	from /home/vmuser114/.rbenv/versions/3.4.4/lib/ruby/gems/3.4.0/gems/activerecord-8.1.1/lib/active_record/connection_adapters/schema_cache.rb:354:in 'block in ActiveRecord::ConnectionAdapters::SchemaCache#columns_hash'
	from /home/vmuser114/.rbenv/versions/3.4.4/lib/ruby/gems/3.4.0/gems/activerecord-8.1.1/lib/active_record/connection_adapters/schema_cache.rb:353:in 'Hash#fetch'
	from /home/vmuser114/.rbenv/versions/3.4.4/lib/ruby/gems/3.4.0/gems/activerecord-8.1.1/lib/active_record/connection_adapters/schema_cache.rb:353:in 'ActiveRecord::ConnectionAdapters::SchemaCache#columns_hash'
	from /home/vmuser114/.rbenv/versions/3.4.4/lib/ruby/gems/3.4.0/gems/activerecord-8.1.1/lib/active_record/connection_adapters/schema_cache.rb:54:in 'ActiveRecord::ConnectionAdapters::SchemaReflection#columns_hash'
	from /home/vmuser114/.rbenv/versions/3.4.4/lib/ruby/gems/3.4.0/gems/activerecord-8.1.1/lib/active_record/connection_adapters/schema_cache.rb:198:in 'ActiveRecord::ConnectionAdapters::BoundSchemaReflection#columns_hash'
	from /home/vmuser114/.rbenv/versions/3.4.4/lib/ruby/gems/3.4.0/gems/activerecord-8.1.1/lib/active_record/model_schema.rb:609:in 'ActiveRecord::ModelSchema::ClassMethods#load_schema!'
	from /home/vmuser114/.rbenv/versions/3.4.4/lib/ruby/gems/3.4.0/gems/activerecord-8.1.1/lib/active_record/counter_cache.rb:212:in 'ActiveRecord::CounterCache::ClassMethods#load_schema!'
	from /home/vmuser114/.rbenv/versions/3.4.4/lib/ruby/gems/3.4.0/gems/activerecord-8.1.1/lib/active_record/encryption/encryptable_record.rb:127:in 'ActiveRecord::Encryption::EncryptableRecord::ClassMethods#load_schema!'
	from /home/vmuser114/.rbenv/versions/3.4.4/lib/ruby/gems/3.4.0/gems/activerecord-8.1.1/lib/active_record/model_schema.rb:555:in 'block in ActiveRecord::ModelSchema::ClassMethods#load_schema'
	from /home/vmuser114/.rbenv/versions/3.4.4/lib/ruby/gems/3.4.0/gems/activerecord-8.1.1/lib/active_record/model_schema.rb:552:in 'Monitor#synchronize'
	from /home/vmuser114/.rbenv/versions/3.4.4/lib/ruby/gems/3.4.0/gems/activerecord-8.1.1/lib/active_record/model_schema.rb:552:in 'ActiveRecord::ModelSchema::ClassMethods#load_schema'
	from /home/vmuser114/.rbenv/versions/3.4.4/lib/ruby/gems/3.4.0/gems/activerecord-8.1.1/lib/active_record/model_schema.rb:444:in 'ActiveRecord::ModelSchema::ClassMethods#columns_hash'
	from /home/vmuser114/.rbenv/versions/3.4.4/lib/ruby/gems/3.4.0/gems/activerecord-8.1.1/lib/active_record/attributes.rb:257:in 'block in ActiveRecord::Attributes::ClassMethods#_default_attributes'
	from /home/vmuser114/.rbenv/versions/3.4.4/lib/ruby/gems/3.4.0/gems/activerecord-8.1.1/lib/active_record/connection_adapters/abstract/connection_pool.rb:463:in 'ActiveRecord::ConnectionAdapters::ConnectionPool#with_connection'
	from /home/vmuser114/.rbenv/versions/3.4.4/lib/ruby/gems/3.4.0/gems/activerecord-8.1.1/lib/active_record/connection_handling.rb:313:in 'ActiveRecord::ConnectionHandling#with_connection'
	from /home/vmuser114/.rbenv/versions/3.4.4/lib/ruby/gems/3.4.0/gems/activerecord-8.1.1/lib/active_record/attributes.rb:256:in 'ActiveRecord::Attributes::ClassMethods#_default_attributes'
	from /home/vmuser114/.rbenv/versions/3.4.4/lib/ruby/gems/3.4.0/gems/activemodel-8.1.1/lib/active_model/attribute_registration.rb:38:in 'ActiveModel::AttributeRegistration::ClassMethods#attribute_types'
	from /home/vmuser114/.rbenv/versions/3.4.4/lib/ruby/gems/3.4.0/gems/activerecord-8.1.1/lib/active_record/attribute_methods.rb:261:in 'ActiveRecord::AttributeMethods::ClassMethods#_has_attribute?'
	from /home/vmuser114/.rbenv/versions/3.4.4/lib/ruby/gems/3.4.0/gems/activerecord-8.1.1/lib/active_record/inheritance.rb:61:in 'ActiveRecord::Inheritance::ClassMethods#new'
	from /home/vmuser114/.rbenv/versions/3.4.4/lib/ruby/gems/3.4.0/gems/solid_queue-1.2.4/app/models/solid_queue/recurring_task.rb:26:in 'SolidQueue::RecurringTask.from_configuration'
	from /home/vmuser114/.rbenv/versions/3.4.4/lib/ruby/gems/3.4.0/gems/solid_queue-1.2.4/lib/solid_queue/configuration.rb:144:in 'block in SolidQueue::Configuration#recurring_tasks'
	from /home/vmuser114/.rbenv/versions/3.4.4/lib/ruby/gems/3.4.0/gems/solid_queue-1.2.4/lib/solid_queue/configuration.rb:143:in 'Hash#each'
	from /home/vmuser114/.rbenv/versions/3.4.4/lib/ruby/gems/3.4.0/gems/solid_queue-1.2.4/lib/solid_queue/configuration.rb:143:in 'Enumerable#map'
	from /home/vmuser114/.rbenv/versions/3.4.4/lib/ruby/gems/3.4.0/gems/solid_queue-1.2.4/lib/solid_queue/configuration.rb:143:in 'SolidQueue::Configuration#recurring_tasks'
	from /home/vmuser114/.rbenv/versions/3.4.4/lib/ruby/gems/3.4.0/gems/solid_queue-1.2.4/lib/solid_queue/configuration.rb:125:in 'SolidQueue::Configuration#schedulers'
	from /home/vmuser114/.rbenv/versions/3.4.4/lib/ruby/gems/3.4.0/gems/solid_queue-1.2.4/lib/solid_queue/configuration.rb:41:in 'SolidQueue::Configuration#configured_processes'
	from /home/vmuser114/.rbenv/versions/3.4.4/lib/ruby/gems/3.4.0/gems/solid_queue-1.2.4/lib/solid_queue/configuration.rb:63:in 'SolidQueue::Configuration#ensure_configured_processes'
	from /home/vmuser114/.rbenv/versions/3.4.4/lib/ruby/gems/3.4.0/gems/activesupport-8.1.1/lib/active_support/callbacks.rb:362:in 'block in ActiveSupport::Callbacks::CallTemplate::MethodCall#make_lambda'
	from /home/vmuser114/.rbenv/versions/3.4.4/lib/ruby/gems/3.4.0/gems/activesupport-8.1.1/lib/active_support/callbacks.rb:179:in 'block in ActiveSupport::Callbacks::Filters::Before#call'
	from /home/vmuser114/.rbenv/versions/3.4.4/lib/ruby/gems/3.4.0/gems/activesupport-8.1.1/lib/active_support/callbacks.rb:669:in 'block in ActiveSupport::Callbacks::CallbackChain::DefaultTerminator#call'
	from /home/vmuser114/.rbenv/versions/3.4.4/lib/ruby/gems/3.4.0/gems/activesupport-8.1.1/lib/active_support/callbacks.rb:668:in 'Kernel#catch'
	from /home/vmuser114/.rbenv/versions/3.4.4/lib/ruby/gems/3.4.0/gems/activesupport-8.1.1/lib/active_support/callbacks.rb:668:in 'ActiveSupport::Callbacks::CallbackChain::DefaultTerminator#call'
	from /home/vmuser114/.rbenv/versions/3.4.4/lib/ruby/gems/3.4.0/gems/activesupport-8.1.1/lib/active_support/callbacks.rb:180:in 'ActiveSupport::Callbacks::Filters::Before#call'
	from /home/vmuser114/.rbenv/versions/3.4.4/lib/ruby/gems/3.4.0/gems/activesupport-8.1.1/lib/active_support/callbacks.rb:560:in 'block in ActiveSupport::Callbacks::CallbackSequence#invoke_before'
	from /home/vmuser114/.rbenv/versions/3.4.4/lib/ruby/gems/3.4.0/gems/activesupport-8.1.1/lib/active_support/callbacks.rb:560:in 'Array#each'
	from /home/vmuser114/.rbenv/versions/3.4.4/lib/ruby/gems/3.4.0/gems/activesupport-8.1.1/lib/active_support/callbacks.rb:560:in 'ActiveSupport::Callbacks::CallbackSequence#invoke_before'
	from /home/vmuser114/.rbenv/versions/3.4.4/lib/ruby/gems/3.4.0/gems/activesupport-8.1.1/lib/active_support/callbacks.rb:109:in 'ActiveSupport::Callbacks#run_callbacks'
	from /home/vmuser114/.rbenv/versions/3.4.4/lib/ruby/gems/3.4.0/gems/activesupport-8.1.1/lib/active_support/callbacks.rb:916:in 'SolidQueue::Configuration#_run_validate_callbacks!'
	from /home/vmuser114/.rbenv/versions/3.4.4/lib/ruby/gems/3.4.0/gems/activemodel-8.1.1/lib/active_model/validations.rb:462:in 'ActiveModel::Validations#run_validations!'
	from /home/vmuser114/.rbenv/versions/3.4.4/lib/ruby/gems/3.4.0/gems/activemodel-8.1.1/lib/active_model/validations.rb:367:in 'ActiveModel::Validations#valid?'
	from /home/vmuser114/.rbenv/versions/3.4.4/lib/ruby/gems/3.4.0/gems/solid_queue-1.2.4/lib/solid_queue/supervisor.rb:15:in 'SolidQueue::Supervisor.start'
	from /home/vmuser114/.rbenv/versions/3.4.4/lib/ruby/gems/3.4.0/gems/solid_queue-1.2.4/lib/puma/plugin/solid_queue.rb:28:in 'block (2 levels) in start'
	from /home/vmuser114/.rbenv/versions/3.4.4/lib/ruby/gems/3.4.0/gems/solid_queue-1.2.4/lib/puma/plugin/solid_queue.rb:26:in 'Kernel#fork'
	from /home/vmuser114/.rbenv/versions/3.4.4/lib/ruby/gems/3.4.0/gems/solid_queue-1.2.4/lib/puma/plugin/solid_queue.rb:26:in 'block in start'
	from /home/vmuser114/.rbenv/versions/3.4.4/lib/ruby/gems/3.4.0/gems/puma-7.1.0/lib/puma/events.rb:17:in 'block in Puma::Events#fire'
	from /home/vmuser114/.rbenv/versions/3.4.4/lib/ruby/gems/3.4.0/gems/puma-7.1.0/lib/puma/events.rb:17:in 'Array#each'
	from /home/vmuser114/.rbenv/versions/3.4.4/lib/ruby/gems/3.4.0/gems/puma-7.1.0/lib/puma/events.rb:17:in 'Puma::Events#fire'
	from /home/vmuser114/.rbenv/versions/3.4.4/lib/ruby/gems/3.4.0/gems/puma-7.1.0/lib/puma/events.rb:61:in 'Puma::Events#fire_after_booted!'
	from /home/vmuser114/.rbenv/versions/3.4.4/lib/ruby/gems/3.4.0/gems/puma-7.1.0/lib/puma/cluster.rb:513:in 'Puma::Cluster#run'
	from /home/vmuser114/.rbenv/versions/3.4.4/lib/ruby/gems/3.4.0/gems/puma-7.1.0/lib/puma/launcher.rb:207:in 'Puma::Launcher#run'
	from /home/vmuser114/.rbenv/versions/3.4.4/lib/ruby/gems/3.4.0/gems/puma-7.1.0/lib/rack/handler/puma.rb:79:in 'Puma::RackHandler#run'
	from /home/vmuser114/.rbenv/versions/3.4.4/lib/ruby/gems/3.4.0/gems/rackup-2.3.1/lib/rackup/server.rb:341:in 'Rackup::Server#start'
	from /home/vmuser114/.rbenv/versions/3.4.4/lib/ruby/gems/3.4.0/gems/railties-8.1.1/lib/rails/commands/server/server_command.rb:38:in 'Rails::Server#start'
	from /home/vmuser114/.rbenv/versions/3.4.4/lib/ruby/gems/3.4.0/gems/railties-8.1.1/lib/rails/commands/server/server_command.rb:145:in 'block in Rails::Command::ServerCommand#perform'
	from <internal:kernel>:91:in 'Kernel#tap'
	from /home/vmuser114/.rbenv/versions/3.4.4/lib/ruby/gems/3.4.0/gems/railties-8.1.1/lib/rails/commands/server/server_command.rb:136:in 'Rails::Command::ServerCommand#perform'
	from /home/vmuser114/.rbenv/versions/3.4.4/lib/ruby/gems/3.4.0/gems/thor-1.5.0/lib/thor/command.rb:28:in 'Thor::Command#run'
	from /home/vmuser114/.rbenv/versions/3.4.4/lib/ruby/gems/3.4.0/gems/thor-1.5.0/lib/thor/invocation.rb:127:in 'Thor::Invocation#invoke_command'
	from /home/vmuser114/.rbenv/versions/3.4.4/lib/ruby/gems/3.4.0/gems/railties-8.1.1/lib/rails/command/base.rb:176:in 'Rails::Command::Base#invoke_command'
	from /home/vmuser114/.rbenv/versions/3.4.4/lib/ruby/gems/3.4.0/gems/thor-1.5.0/lib/thor.rb:538:in 'Thor.dispatch'
	from /home/vmuser114/.rbenv/versions/3.4.4/lib/ruby/gems/3.4.0/gems/railties-8.1.1/lib/rails/command/base.rb:71:in 'Rails::Command::Base.perform'
	from /home/vmuser114/.rbenv/versions/3.4.4/lib/ruby/gems/3.4.0/gems/railties-8.1.1/lib/rails/command.rb:65:in 'block in Rails::Command.invoke'
	from /home/vmuser114/.rbenv/versions/3.4.4/lib/ruby/gems/3.4.0/gems/railties-8.1.1/lib/rails/command.rb:143:in 'Rails::Command.with_argv'
	from /home/vmuser114/.rbenv/versions/3.4.4/lib/ruby/gems/3.4.0/gems/railties-8.1.1/lib/rails/command.rb:63:in 'Rails::Command.invoke'
	from /home/vmuser114/.rbenv/versions/3.4.4/lib/ruby/gems/3.4.0/gems/railties-8.1.1/lib/rails/commands.rb:18:in '<main>'
	from /home/vmuser114/.rbenv/versions/3.4.4/lib/ruby/3.4.0/bundled_gems.rb:82:in 'Kernel.require'
	from /home/vmuser114/.rbenv/versions/3.4.4/lib/ruby/3.4.0/bundled_gems.rb:82:in 'block (2 levels) in Kernel#replace_require'
	from /home/vmuser114/.rbenv/versions/3.4.4/lib/ruby/gems/3.4.0/gems/bootsnap-1.19.0/lib/bootsnap/load_path_cache/core_ext/kernel_require.rb:30:in 'Kernel#require'
	from bin/rails:4:in '<main>'
/home/vmuser114/.rbenv/versions/3.4.4/lib/ruby/gems/3.4.0/gems/activerecord-8.1.1/lib/active_record/connection_adapters/postgresql/database_statements.rb:167:in 'PG::Connection#exec': ERROR:  relation "solid_queue_recurring_tasks" does not exist (PG::UndefinedTable)
LINE 10:  WHERE a.attrelid = '"solid_queue_recurring_tasks"'::regclas...
                             ^

	from /home/vmuser114/.rbenv/versions/3.4.4/lib/ruby/gems/3.4.0/gems/activerecord-8.1.1/lib/active_record/connection_adapters/postgresql/database_statements.rb:167:in 'ActiveRecord::ConnectionAdapters::PostgreSQL::DatabaseStatements#perform_query'
	from /home/vmuser114/.rbenv/versions/3.4.4/lib/ruby/gems/3.4.0/gems/activerecord-8.1.1/lib/active_record/connection_adapters/abstract/database_statements.rb:571:in 'block (2 levels) in ActiveRecord::ConnectionAdapters::DatabaseStatements#raw_execute'
	from /home/vmuser114/.rbenv/versions/3.4.4/lib/ruby/gems/3.4.0/gems/activerecord-8.1.1/lib/active_record/connection_adapters/abstract_adapter.rb:1081:in 'block in ActiveRecord::ConnectionAdapters::AbstractAdapter#with_raw_connection'
	from /home/vmuser114/.rbenv/versions/3.4.4/lib/ruby/gems/3.4.0/gems/activesupport-8.1.1/lib/active_support/concurrency/null_lock.rb:9:in 'ActiveSupport::Concurrency::NullLock#synchronize'
	from /home/vmuser114/.rbenv/versions/3.4.4/lib/ruby/gems/3.4.0/gems/activerecord-8.1.1/lib/active_record/connection_adapters/abstract_adapter.rb:1050:in 'ActiveRecord::ConnectionAdapters::AbstractAdapter#with_raw_connection'
	from /home/vmuser114/.rbenv/versions/3.4.4/lib/ruby/gems/3.4.0/gems/activerecord-8.1.1/lib/active_record/connection_adapters/abstract/database_statements.rb:570:in 'block in ActiveRecord::ConnectionAdapters::DatabaseStatements#raw_execute'
	from /home/vmuser114/.rbenv/versions/3.4.4/lib/ruby/gems/3.4.0/gems/activesupport-8.1.1/lib/active_support/notifications/instrumenter.rb:58:in 'ActiveSupport::Notifications::Instrumenter#instrument'
	from /home/vmuser114/.rbenv/versions/3.4.4/lib/ruby/gems/3.4.0/gems/activerecord-8.1.1/lib/active_record/connection_adapters/abstract_adapter.rb:1201:in 'ActiveRecord::ConnectionAdapters::AbstractAdapter#log'
	from /home/vmuser114/.rbenv/versions/3.4.4/lib/ruby/gems/3.4.0/gems/activerecord-8.1.1/lib/active_record/connection_adapters/abstract/database_statements.rb:569:in 'ActiveRecord::ConnectionAdapters::DatabaseStatements#raw_execute'
	from /home/vmuser114/.rbenv/versions/3.4.4/lib/ruby/gems/3.4.0/gems/activerecord-8.1.1/lib/active_record/connection_adapters/abstract/database_statements.rb:613:in 'ActiveRecord::ConnectionAdapters::DatabaseStatements#internal_execute'
	from /home/vmuser114/.rbenv/versions/3.4.4/lib/ruby/gems/3.4.0/gems/activerecord-8.1.1/lib/active_record/connection_adapters/postgresql/database_statements.rb:15:in 'ActiveRecord::ConnectionAdapters::PostgreSQL::DatabaseStatements#query'
	from /home/vmuser114/.rbenv/versions/3.4.4/lib/ruby/gems/3.4.0/gems/activerecord-8.1.1/lib/active_record/connection_adapters/postgresql_adapter.rb:1051:in 'ActiveRecord::ConnectionAdapters::PostgreSQLAdapter#column_definitions'
	from /home/vmuser114/.rbenv/versions/3.4.4/lib/ruby/gems/3.4.0/gems/activerecord-8.1.1/lib/active_record/connection_adapters/abstract/schema_statements.rb:110:in 'ActiveRecord::ConnectionAdapters::SchemaStatements#columns'
	from /home/vmuser114/.rbenv/versions/3.4.4/lib/ruby/gems/3.4.0/gems/activerecord-8.1.1/lib/active_record/connection_adapters/schema_cache.rb:345:in 'block (2 levels) in ActiveRecord::ConnectionAdapters::SchemaCache#columns'
	from /home/vmuser114/.rbenv/versions/3.4.4/lib/ruby/gems/3.4.0/gems/activerecord-8.1.1/lib/active_record/connection_adapters/abstract/connection_pool.rb:457:in 'ActiveRecord::ConnectionAdapters::ConnectionPool#with_connection'
	from /home/vmuser114/.rbenv/versions/3.4.4/lib/ruby/gems/3.4.0/gems/activerecord-8.1.1/lib/active_record/connection_adapters/schema_cache.rb:344:in 'block in ActiveRecord::ConnectionAdapters::SchemaCache#columns'
	from /home/vmuser114/.rbenv/versions/3.4.4/lib/ruby/gems/3.4.0/gems/activerecord-8.1.1/lib/active_record/connection_adapters/schema_cache.rb:343:in 'Hash#fetch'
	from /home/vmuser114/.rbenv/versions/3.4.4/lib/ruby/gems/3.4.0/gems/activerecord-8.1.1/lib/active_record/connection_adapters/schema_cache.rb:343:in 'ActiveRecord::ConnectionAdapters::SchemaCache#columns'
	from /home/vmuser114/.rbenv/versions/3.4.4/lib/ruby/gems/3.4.0/gems/activerecord-8.1.1/lib/active_record/connection_adapters/schema_cache.rb:354:in 'block in ActiveRecord::ConnectionAdapters::SchemaCache#columns_hash'
	from /home/vmuser114/.rbenv/versions/3.4.4/lib/ruby/gems/3.4.0/gems/activerecord-8.1.1/lib/active_record/connection_adapters/schema_cache.rb:353:in 'Hash#fetch'
	from /home/vmuser114/.rbenv/versions/3.4.4/lib/ruby/gems/3.4.0/gems/activerecord-8.1.1/lib/active_record/connection_adapters/schema_cache.rb:353:in 'ActiveRecord::ConnectionAdapters::SchemaCache#columns_hash'
	from /home/vmuser114/.rbenv/versions/3.4.4/lib/ruby/gems/3.4.0/gems/activerecord-8.1.1/lib/active_record/connection_adapters/schema_cache.rb:54:in 'ActiveRecord::ConnectionAdapters::SchemaReflection#columns_hash'
	from /home/vmuser114/.rbenv/versions/3.4.4/lib/ruby/gems/3.4.0/gems/activerecord-8.1.1/lib/active_record/connection_adapters/schema_cache.rb:198:in 'ActiveRecord::ConnectionAdapters::BoundSchemaReflection#columns_hash'
	from /home/vmuser114/.rbenv/versions/3.4.4/lib/ruby/gems/3.4.0/gems/activerecord-8.1.1/lib/active_record/model_schema.rb:609:in 'ActiveRecord::ModelSchema::ClassMethods#load_schema!'
	from /home/vmuser114/.rbenv/versions/3.4.4/lib/ruby/gems/3.4.0/gems/activerecord-8.1.1/lib/active_record/counter_cache.rb:212:in 'ActiveRecord::CounterCache::ClassMethods#load_schema!'
	from /home/vmuser114/.rbenv/versions/3.4.4/lib/ruby/gems/3.4.0/gems/activerecord-8.1.1/lib/active_record/encryption/encryptable_record.rb:127:in 'ActiveRecord::Encryption::EncryptableRecord::ClassMethods#load_schema!'
	from /home/vmuser114/.rbenv/versions/3.4.4/lib/ruby/gems/3.4.0/gems/activerecord-8.1.1/lib/active_record/model_schema.rb:555:in 'block in ActiveRecord::ModelSchema::ClassMethods#load_schema'
	from /home/vmuser114/.rbenv/versions/3.4.4/lib/ruby/gems/3.4.0/gems/activerecord-8.1.1/lib/active_record/model_schema.rb:552:in 'Monitor#synchronize'
	from /home/vmuser114/.rbenv/versions/3.4.4/lib/ruby/gems/3.4.0/gems/activerecord-8.1.1/lib/active_record/model_schema.rb:552:in 'ActiveRecord::ModelSchema::ClassMethods#load_schema'
	from /home/vmuser114/.rbenv/versions/3.4.4/lib/ruby/gems/3.4.0/gems/activerecord-8.1.1/lib/active_record/model_schema.rb:444:in 'ActiveRecord::ModelSchema::ClassMethods#columns_hash'
	from /home/vmuser114/.rbenv/versions/3.4.4/lib/ruby/gems/3.4.0/gems/activerecord-8.1.1/lib/active_record/attributes.rb:257:in 'block in ActiveRecord::Attributes::ClassMethods#_default_attributes'
	from /home/vmuser114/.rbenv/versions/3.4.4/lib/ruby/gems/3.4.0/gems/activerecord-8.1.1/lib/active_record/connection_adapters/abstract/connection_pool.rb:463:in 'ActiveRecord::ConnectionAdapters::ConnectionPool#with_connection'
	from /home/vmuser114/.rbenv/versions/3.4.4/lib/ruby/gems/3.4.0/gems/activerecord-8.1.1/lib/active_record/connection_handling.rb:313:in 'ActiveRecord::ConnectionHandling#with_connection'
	from /home/vmuser114/.rbenv/versions/3.4.4/lib/ruby/gems/3.4.0/gems/activerecord-8.1.1/lib/active_record/attributes.rb:256:in 'ActiveRecord::Attributes::ClassMethods#_default_attributes'
	from /home/vmuser114/.rbenv/versions/3.4.4/lib/ruby/gems/3.4.0/gems/activemodel-8.1.1/lib/active_model/attribute_registration.rb:38:in 'ActiveModel::AttributeRegistration::ClassMethods#attribute_types'
	from /home/vmuser114/.rbenv/versions/3.4.4/lib/ruby/gems/3.4.0/gems/activerecord-8.1.1/lib/active_record/attribute_methods.rb:261:in 'ActiveRecord::AttributeMethods::ClassMethods#_has_attribute?'
	from /home/vmuser114/.rbenv/versions/3.4.4/lib/ruby/gems/3.4.0/gems/activerecord-8.1.1/lib/active_record/inheritance.rb:61:in 'ActiveRecord::Inheritance::ClassMethods#new'
	from /home/vmuser114/.rbenv/versions/3.4.4/lib/ruby/gems/3.4.0/gems/solid_queue-1.2.4/app/models/solid_queue/recurring_task.rb:26:in 'SolidQueue::RecurringTask.from_configuration'
	from /home/vmuser114/.rbenv/versions/3.4.4/lib/ruby/gems/3.4.0/gems/solid_queue-1.2.4/lib/solid_queue/configuration.rb:144:in 'block in SolidQueue::Configuration#recurring_tasks'
	from /home/vmuser114/.rbenv/versions/3.4.4/lib/ruby/gems/3.4.0/gems/solid_queue-1.2.4/lib/solid_queue/configuration.rb:143:in 'Hash#each'
	from /home/vmuser114/.rbenv/versions/3.4.4/lib/ruby/gems/3.4.0/gems/solid_queue-1.2.4/lib/solid_queue/configuration.rb:143:in 'Enumerable#map'
	from /home/vmuser114/.rbenv/versions/3.4.4/lib/ruby/gems/3.4.0/gems/solid_queue-1.2.4/lib/solid_queue/configuration.rb:143:in 'SolidQueue::Configuration#recurring_tasks'
	from /home/vmuser114/.rbenv/versions/3.4.4/lib/ruby/gems/3.4.0/gems/solid_queue-1.2.4/lib/solid_queue/configuration.rb:125:in 'SolidQueue::Configuration#schedulers'
	from /home/vmuser114/.rbenv/versions/3.4.4/lib/ruby/gems/3.4.0/gems/solid_queue-1.2.4/lib/solid_queue/configuration.rb:41:in 'SolidQueue::Configuration#configured_processes'
	from /home/vmuser114/.rbenv/versions/3.4.4/lib/ruby/gems/3.4.0/gems/solid_queue-1.2.4/lib/solid_queue/configuration.rb:63:in 'SolidQueue::Configuration#ensure_configured_processes'
	from /home/vmuser114/.rbenv/versions/3.4.4/lib/ruby/gems/3.4.0/gems/activesupport-8.1.1/lib/active_support/callbacks.rb:362:in 'block in ActiveSupport::Callbacks::CallTemplate::MethodCall#make_lambda'
	from /home/vmuser114/.rbenv/versions/3.4.4/lib/ruby/gems/3.4.0/gems/activesupport-8.1.1/lib/active_support/callbacks.rb:179:in 'block in ActiveSupport::Callbacks::Filters::Before#call'
	from /home/vmuser114/.rbenv/versions/3.4.4/lib/ruby/gems/3.4.0/gems/activesupport-8.1.1/lib/active_support/callbacks.rb:669:in 'block in ActiveSupport::Callbacks::CallbackChain::DefaultTerminator#call'
	from /home/vmuser114/.rbenv/versions/3.4.4/lib/ruby/gems/3.4.0/gems/activesupport-8.1.1/lib/active_support/callbacks.rb:668:in 'Kernel#catch'
	from /home/vmuser114/.rbenv/versions/3.4.4/lib/ruby/gems/3.4.0/gems/activesupport-8.1.1/lib/active_support/callbacks.rb:668:in 'ActiveSupport::Callbacks::CallbackChain::DefaultTerminator#call'
	from /home/vmuser114/.rbenv/versions/3.4.4/lib/ruby/gems/3.4.0/gems/activesupport-8.1.1/lib/active_support/callbacks.rb:180:in 'ActiveSupport::Callbacks::Filters::Before#call'
	from /home/vmuser114/.rbenv/versions/3.4.4/lib/ruby/gems/3.4.0/gems/activesupport-8.1.1/lib/active_support/callbacks.rb:560:in 'block in ActiveSupport::Callbacks::CallbackSequence#invoke_before'
	from /home/vmuser114/.rbenv/versions/3.4.4/lib/ruby/gems/3.4.0/gems/activesupport-8.1.1/lib/active_support/callbacks.rb:560:in 'Array#each'
	from /home/vmuser114/.rbenv/versions/3.4.4/lib/ruby/gems/3.4.0/gems/activesupport-8.1.1/lib/active_support/callbacks.rb:560:in 'ActiveSupport::Callbacks::CallbackSequence#invoke_before'
	from /home/vmuser114/.rbenv/versions/3.4.4/lib/ruby/gems/3.4.0/gems/activesupport-8.1.1/lib/active_support/callbacks.rb:109:in 'ActiveSupport::Callbacks#run_callbacks'
	from /home/vmuser114/.rbenv/versions/3.4.4/lib/ruby/gems/3.4.0/gems/activesupport-8.1.1/lib/active_support/callbacks.rb:916:in 'SolidQueue::Configuration#_run_validate_callbacks!'
	from /home/vmuser114/.rbenv/versions/3.4.4/lib/ruby/gems/3.4.0/gems/activemodel-8.1.1/lib/active_model/validations.rb:462:in 'ActiveModel::Validations#run_validations!'
	from /home/vmuser114/.rbenv/versions/3.4.4/lib/ruby/gems/3.4.0/gems/activemodel-8.1.1/lib/active_model/validations.rb:367:in 'ActiveModel::Validations#valid?'
	from /home/vmuser114/.rbenv/versions/3.4.4/lib/ruby/gems/3.4.0/gems/solid_queue-1.2.4/lib/solid_queue/supervisor.rb:15:in 'SolidQueue::Supervisor.start'
	from /home/vmuser114/.rbenv/versions/3.4.4/lib/ruby/gems/3.4.0/gems/solid_queue-1.2.4/lib/puma/plugin/solid_queue.rb:28:in 'block (2 levels) in start'
	from /home/vmuser114/.rbenv/versions/3.4.4/lib/ruby/gems/3.4.0/gems/solid_queue-1.2.4/lib/puma/plugin/solid_queue.rb:26:in 'Kernel#fork'
	from /home/vmuser114/.rbenv/versions/3.4.4/lib/ruby/gems/3.4.0/gems/solid_queue-1.2.4/lib/puma/plugin/solid_queue.rb:26:in 'block in start'
	from /home/vmuser114/.rbenv/versions/3.4.4/lib/ruby/gems/3.4.0/gems/puma-7.1.0/lib/puma/events.rb:17:in 'block in Puma::Events#fire'
	from /home/vmuser114/.rbenv/versions/3.4.4/lib/ruby/gems/3.4.0/gems/puma-7.1.0/lib/puma/events.rb:17:in 'Array#each'
	from /home/vmuser114/.rbenv/versions/3.4.4/lib/ruby/gems/3.4.0/gems/puma-7.1.0/lib/puma/events.rb:17:in 'Puma::Events#fire'
	from /home/vmuser114/.rbenv/versions/3.4.4/lib/ruby/gems/3.4.0/gems/puma-7.1.0/lib/puma/events.rb:61:in 'Puma::Events#fire_after_booted!'
	from /home/vmuser114/.rbenv/versions/3.4.4/lib/ruby/gems/3.4.0/gems/puma-7.1.0/lib/puma/cluster.rb:513:in 'Puma::Cluster#run'
	from /home/vmuser114/.rbenv/versions/3.4.4/lib/ruby/gems/3.4.0/gems/puma-7.1.0/lib/puma/launcher.rb:207:in 'Puma::Launcher#run'
	from /home/vmuser114/.rbenv/versions/3.4.4/lib/ruby/gems/3.4.0/gems/puma-7.1.0/lib/rack/handler/puma.rb:79:in 'Puma::RackHandler#run'
	from /home/vmuser114/.rbenv/versions/3.4.4/lib/ruby/gems/3.4.0/gems/rackup-2.3.1/lib/rackup/server.rb:341:in 'Rackup::Server#start'
	from /home/vmuser114/.rbenv/versions/3.4.4/lib/ruby/gems/3.4.0/gems/railties-8.1.1/lib/rails/commands/server/server_command.rb:38:in 'Rails::Server#start'
	from /home/vmuser114/.rbenv/versions/3.4.4/lib/ruby/gems/3.4.0/gems/railties-8.1.1/lib/rails/commands/server/server_command.rb:145:in 'block in Rails::Command::ServerCommand#perform'
	from <internal:kernel>:91:in 'Kernel#tap'
	from /home/vmuser114/.rbenv/versions/3.4.4/lib/ruby/gems/3.4.0/gems/railties-8.1.1/lib/rails/commands/server/server_command.rb:136:in 'Rails::Command::ServerCommand#perform'
	from /home/vmuser114/.rbenv/versions/3.4.4/lib/ruby/gems/3.4.0/gems/thor-1.5.0/lib/thor/command.rb:28:in 'Thor::Command#run'
	from /home/vmuser114/.rbenv/versions/3.4.4/lib/ruby/gems/3.4.0/gems/thor-1.5.0/lib/thor/invocation.rb:127:in 'Thor::Invocation#invoke_command'
	from /home/vmuser114/.rbenv/versions/3.4.4/lib/ruby/gems/3.4.0/gems/railties-8.1.1/lib/rails/command/base.rb:176:in 'Rails::Command::Base#invoke_command'
	from /home/vmuser114/.rbenv/versions/3.4.4/lib/ruby/gems/3.4.0/gems/thor-1.5.0/lib/thor.rb:538:in 'Thor.dispatch'
	from /home/vmuser114/.rbenv/versions/3.4.4/lib/ruby/gems/3.4.0/gems/railties-8.1.1/lib/rails/command/base.rb:71:in 'Rails::Command::Base.perform'
	from /home/vmuser114/.rbenv/versions/3.4.4/lib/ruby/gems/3.4.0/gems/railties-8.1.1/lib/rails/command.rb:65:in 'block in Rails::Command.invoke'
	from /home/vmuser114/.rbenv/versions/3.4.4/lib/ruby/gems/3.4.0/gems/railties-8.1.1/lib/rails/command.rb:143:in 'Rails::Command.with_argv'
	from /home/vmuser114/.rbenv/versions/3.4.4/lib/ruby/gems/3.4.0/gems/railties-8.1.1/lib/rails/command.rb:63:in 'Rails::Command.invoke'
	from /home/vmuser114/.rbenv/versions/3.4.4/lib/ruby/gems/3.4.0/gems/railties-8.1.1/lib/rails/commands.rb:18:in '<main>'
	from /home/vmuser114/.rbenv/versions/3.4.4/lib/ruby/3.4.0/bundled_gems.rb:82:in 'Kernel.require'
	from /home/vmuser114/.rbenv/versions/3.4.4/lib/ruby/3.4.0/bundled_gems.rb:82:in 'block (2 levels) in Kernel#replace_require'
	from /home/vmuser114/.rbenv/versions/3.4.4/lib/ruby/gems/3.4.0/gems/bootsnap-1.19.0/lib/bootsnap/load_path_cache/core_ext/kernel_require.rb:30:in 'Kernel#require'
	from bin/rails:4:in '<main>'
[3262] ! reaped unknown child process pid=3312 status=pid 3312 exit 1
[3262] Detected Solid Queue has gone away, stopping Puma...
[3262] - Gracefully shutting down workers...
[3262] === puma shutdown: 2026-02-27 16:34:20 +0000 ===
[3262] - Goodbye!
Exiting
